<?xml version="1.0" encoding="UTF-8"?>
<testsuite xmlns:xsi="http://www.w3.org/2001/XMLSchema-instance" xsi:noNamespaceSchemaLocation="https://maven.apache.org/surefire/maven-surefire-plugin/xsd/surefire-test-report-3.0.xsd" version="3.0" name="CalculadoraTest" time="0.029" tests="4" errors="0" skipped="0" failures="0">
  <properties>
[...]
</properties>
  <testcase name="deveDividir" classname="CalculadoraTest" time="0.013"/>
  <testcase name="deveMultiplicar" classname="CalculadoraTest" time="0.0"/>
  <testcase name="deveSomarDoisFatores" classname="CalculadoraTest" time="0.0"/>
  <testcase name="deveSubtrairFatores" classname="CalculadoraTest" time="0.0"/>
</testsuite>